c:\users\paulp\computerprograms\cpplox\cpplox\x64\debug\vc143.pdb
c:\users\paulp\computerprograms\cpplox\cpplox\x64\debug\vc143.idb
c:\users\paulp\computerprograms\cpplox\cpplox\x64\debug\token.obj
c:\users\paulp\computerprograms\cpplox\cpplox\x64\debug\scanner.obj
c:\users\paulp\computerprograms\cpplox\cpplox\x64\debug\parser.obj
c:\users\paulp\computerprograms\cpplox\cpplox\x64\debug\main.obj
c:\users\paulp\computerprograms\cpplox\cpplox\x64\debug\lox.obj
c:\users\paulp\computerprograms\cpplox\cpplox\x64\debug\astprintervisitor.obj
c:\users\paulp\computerprograms\cpplox\x64\debug\cpplox.pdb
c:\users\paulp\computerprograms\cpplox\cpplox\x64\debug\cpplox.tlog\cl.command.1.tlog
c:\users\paulp\computerprograms\cpplox\cpplox\x64\debug\cpplox.tlog\cl.read.1.tlog
c:\users\paulp\computerprograms\cpplox\cpplox\x64\debug\cpplox.tlog\cl.write.1.tlog
c:\users\paulp\computerprograms\cpplox\cpplox\x64\debug\cpplox.tlog\link-cvtres.read.1.tlog
c:\users\paulp\computerprograms\cpplox\cpplox\x64\debug\cpplox.tlog\link-cvtres.write.1.tlog
c:\users\paulp\computerprograms\cpplox\cpplox\x64\debug\cpplox.tlog\link-rc.read.1.tlog
c:\users\paulp\computerprograms\cpplox\cpplox\x64\debug\cpplox.tlog\link-rc.write.1.tlog
c:\users\paulp\computerprograms\cpplox\cpplox\x64\debug\cpplox.tlog\link.command.1.tlog
c:\users\paulp\computerprograms\cpplox\cpplox\x64\debug\cpplox.tlog\link.read.1.tlog
c:\users\paulp\computerprograms\cpplox\cpplox\x64\debug\cpplox.tlog\link.read.2.tlog
c:\users\paulp\computerprograms\cpplox\cpplox\x64\debug\cpplox.tlog\link.read.3.tlog
c:\users\paulp\computerprograms\cpplox\cpplox\x64\debug\cpplox.tlog\link.read.4.tlog
c:\users\paulp\computerprograms\cpplox\cpplox\x64\debug\cpplox.tlog\link.write.1.tlog
